2025/11/14 09:31:07 [warn] 1#1: the "listen ... http2" directive is deprecated, use the "http2" directive instead in /etc/nginx/conf.d/default.conf:11
2025/11/14 09:31:07 [notice] 1#1: using the "epoll" event method
2025/11/14 09:31:07 [notice] 1#1: nginx/1.29.3
2025/11/14 09:31:07 [notice] 1#1: built by gcc 14.2.0 (Alpine 14.2.0) 
2025/11/14 09:31:07 [notice] 1#1: OS: Linux 5.4.0-216-generic
2025/11/14 09:31:07 [notice] 1#1: getrlimit(RLIMIT_NOFILE): 1048576:1048576
2025/11/14 09:31:07 [notice] 1#1: start worker processes
2025/11/14 09:31:07 [notice] 1#1: start worker process 29
2025/11/14 09:31:07 [notice] 1#1: start worker process 30
2025/11/14 09:31:07 [notice] 1#1: start worker process 31
2025/11/14 09:55:00 [warn] 1#1: the "listen ... http2" directive is deprecated, use the "http2" directive instead in /etc/nginx/conf.d/default.conf:11
2025/11/14 09:55:00 [notice] 1#1: using the "epoll" event method
2025/11/14 09:55:00 [notice] 1#1: nginx/1.29.3
2025/11/14 09:55:00 [notice] 1#1: built by gcc 14.2.0 (Alpine 14.2.0) 
2025/11/14 09:55:00 [notice] 1#1: OS: Linux 5.4.0-216-generic
2025/11/14 09:55:00 [notice] 1#1: getrlimit(RLIMIT_NOFILE): 1048576:1048576
2025/11/14 09:55:00 [notice] 1#1: start worker processes
2025/11/14 09:55:00 [notice] 1#1: start worker process 29
2025/11/14 09:55:00 [notice] 1#1: start worker process 30
2025/11/14 09:55:00 [notice] 1#1: start worker process 31
2025/11/14 09:57:23 [notice] 1#1: signal 3 (SIGQUIT) received, shutting down
2025/11/14 09:57:23 [notice] 31#31: gracefully shutting down
2025/11/14 09:57:23 [notice] 30#30: gracefully shutting down
2025/11/14 09:57:23 [notice] 31#31: exiting
2025/11/14 09:57:23 [notice] 30#30: exiting
2025/11/14 09:57:23 [notice] 31#31: exit
2025/11/14 09:57:23 [notice] 30#30: exit
2025/11/14 09:57:23 [notice] 29#29: gracefully shutting down
2025/11/14 09:57:23 [notice] 29#29: exiting
2025/11/14 09:57:23 [notice] 29#29: exit
2025/11/14 09:57:23 [notice] 1#1: signal 17 (SIGCHLD) received from 30
2025/11/14 09:57:23 [notice] 1#1: worker process 30 exited with code 0
2025/11/14 09:57:23 [notice] 1#1: signal 29 (SIGIO) received
2025/11/14 09:57:23 [notice] 1#1: signal 17 (SIGCHLD) received from 31
2025/11/14 09:57:23 [notice] 1#1: worker process 31 exited with code 0
2025/11/14 09:57:23 [notice] 1#1: signal 29 (SIGIO) received
2025/11/14 09:57:23 [notice] 1#1: signal 17 (SIGCHLD) received from 29
2025/11/14 09:57:23 [notice] 1#1: worker process 29 exited with code 0
2025/11/14 09:57:23 [notice] 1#1: exit
2025/11/16 06:12:54 [warn] 1#1: the "listen ... http2" directive is deprecated, use the "http2" directive instead in /etc/nginx/conf.d/default.conf:11
2025/11/16 06:12:54 [notice] 1#1: using the "epoll" event method
2025/11/16 06:12:54 [notice] 1#1: nginx/1.29.3
2025/11/16 06:12:54 [notice] 1#1: built by gcc 14.2.0 (Alpine 14.2.0) 
2025/11/16 06:12:54 [notice] 1#1: OS: Linux 5.4.0-216-generic
2025/11/16 06:12:54 [notice] 1#1: getrlimit(RLIMIT_NOFILE): 1048576:1048576
2025/11/16 06:12:54 [notice] 1#1: start worker processes
2025/11/16 06:12:54 [notice] 1#1: start worker process 29
2025/11/16 06:12:54 [notice] 1#1: start worker process 30
2025/11/16 06:12:54 [notice] 1#1: start worker process 31
